#
# There is insufficient memory for the Java Runtime Environment to continue.
# Native memory allocation (malloc) failed to allocate 1048576 bytes for AllocateHeap
# Possible reasons:
#   The system is out of physical RAM or swap space
#   In 32 bit mode, the process size limit was hit
# Possible solutions:
#   Reduce memory load on the system
#   Increase physical memory or swap space
#   Check if swap backing store is full
#   Use 64 bit Java on a 64 bit OS
#   Decrease Java heap size (-Xmx/-Xms)
#   Decrease number of Java threads
#   Decrease Java thread stack sizes (-Xss)
#   Set larger code cache with -XX:ReservedCodeCacheSize=
# This output file may be truncated or incomplete.
#
#  Out of Memory Error (memory/allocation.inline.hpp:61), pid=10320, tid=0x0000000000000edc
#
# JRE version:  (8.0_161-b12) (build )
# Java VM: Java HotSpot(TM) 64-Bit Server VM (25.161-b12 mixed mode windows-amd64 compressed oops)
# Failed to write core dump. Minidumps are not enabled by default on client versions of Windows
#

---------------  T H R E A D  ---------------

Current thread (0x0000000002e1e000):  JavaThread "Unknown thread" [_thread_in_vm, id=3804, stack(0x0000000002e20000,0x0000000002f20000)]

Stack: [0x0000000002e20000,0x0000000002f20000]
[error occurred during error reporting (printing stack bounds), id 0xc0000005]

Native frames: (J=compiled Java code, j=interpreted, Vv=VM code, C=native code)


---------------  P R O C E S S  ---------------

Java Threads: ( => current thread )

Other Threads:

=>0x0000000002e1e000 (exited) JavaThread "Unknown thread" [_thread_in_vm, id=3804, stack(0x0000000002e20000,0x0000000002f20000)]

VM state:not at safepoint (normal execution)

VM Mutex/Monitor currently owned by a thread: None

Heap:
 PSYoungGen      total 18432K, used 317K [0x00000000eb580000, 0x00000000eca00000, 0x0000000100000000)
  eden space 15872K, 2% used [0x00000000eb580000,0x00000000eb5cf5d0,0x00000000ec500000)
  from space 2560K, 0% used [0x00000000ec780000,0x00000000ec780000,0x00000000eca00000)
  to   space 2560K, 0% used [0x00000000ec500000,0x00000000ec500000,0x00000000ec780000)
 ParOldGen       total 42496K, used 0K [0x00000000c2000000, 0x00000000c4980000, 0x00000000eb580000)
  object space 42496K, 0% used [0x00000000c2000000,0x00000000c2000000,0x00000000c4980000)
 Metaspace       used 770K, capacity 4480K, committed 4480K, reserved 1056768K
  class space    used 75K, capacity 384K, committed 384K, reserved 1048576K

Card table byte_map: [0x00000000123e0000,0x00000000125e0000] byte_map_base: 0x0000000011dd0000

Marking Bits: (ParMarkBitMap*) 0x000000006325f860
 Begin Bits: [0x0000000012b30000, 0x0000000013ab0000)
 End Bits:   [0x0000000013ab0000, 0x0000000014a30000)

Polling page: 0x0000000001030000

CodeCache: size=245760Kb used=328Kb max_used=328Kb free=245431Kb
 bounds [0x0000000003020000, 0x0000000003290000, 0x0000000012020000]
 total_blobs=58 nmethods=0 adapters=38
 compilation: enabled

Compilation events (0 events):
No events

GC Heap History (0 events):
No events

Deoptimization events (0 events):
No events

Classes redefined (0 events):
No events

Internal exceptions (0 events):
No events

Events (10 events):
Event: 0.040 loading class java/lang/Short
Event: 0.040 loading class java/lang/Short done
Event: 0.040 loading class java/lang/Integer
Event: 0.040 loading class java/lang/Integer done
Event: 0.040 loading class java/lang/Long
Event: 0.040 loading class java/lang/Long done
Event: 0.041 loading class java/lang/NullPointerException
Event: 0.041 loading class java/lang/NullPointerException done
Event: 0.041 loading class java/lang/ArithmeticException
Event: 0.041 loading class java/lang/ArithmeticException done


Dynamic libraries:
0x00007ff623a40000 - 0x00007ff623a77000 	C:\Program Files\Java\jdk1.8.0_161\bin\java.exe
0x00007fffd91f0000 - 0x00007fffd93e5000 	C:\WINDOWS\SYSTEM32\ntdll.dll
0x00007fffd7600000 - 0x00007fffd76bd000 	C:\WINDOWS\System32\KERNEL32.DLL
0x00007fffd6b00000 - 0x00007fffd6dc8000 	C:\WINDOWS\System32\KERNELBASE.dll
0x00007fffd88b0000 - 0x00007fffd895c000 	C:\WINDOWS\System32\ADVAPI32.dll
0x00007fffd77c0000 - 0x00007fffd785e000 	C:\WINDOWS\System32\msvcrt.dll
0x00007fffd8b40000 - 0x00007fffd8bdb000 	C:\WINDOWS\System32\sechost.dll
0x00007fffd8c00000 - 0x00007fffd8d2b000 	C:\WINDOWS\System32\RPCRT4.dll
0x00007fffd7ee0000 - 0x00007fffd8080000 	C:\WINDOWS\System32\USER32.dll
0x00007fffd6ad0000 - 0x00007fffd6af2000 	C:\WINDOWS\System32\win32u.dll
0x00007fffd7790000 - 0x00007fffd77ba000 	C:\WINDOWS\System32\GDI32.dll
0x00007fffd70c0000 - 0x00007fffd71cb000 	C:\WINDOWS\System32\gdi32full.dll
0x00007fffd6a30000 - 0x00007fffd6acd000 	C:\WINDOWS\System32\msvcp_win.dll
0x00007fffd6f90000 - 0x00007fffd7090000 	C:\WINDOWS\System32\ucrtbase.dll
0x00007fffcc0d0000 - 0x00007fffcc36a000 	C:\WINDOWS\WinSxS\amd64_microsoft.windows.common-controls_6595b64144ccf1df_6.0.19041.1052_none_60b8f8fd71f5e8cb\COMCTL32.dll
0x00007fffd7e50000 - 0x00007fffd7e80000 	C:\WINDOWS\System32\IMM32.DLL
0x0000000062960000 - 0x0000000062a32000 	C:\Program Files\Java\jdk1.8.0_161\jre\bin\msvcr100.dll
0x0000000062a40000 - 0x00000000632df000 	C:\Program Files\Java\jdk1.8.0_161\jre\bin\server\jvm.dll
0x00007fffd7de0000 - 0x00007fffd7de8000 	C:\WINDOWS\System32\PSAPI.DLL
0x00007fffc8ac0000 - 0x00007fffc8ac9000 	C:\WINDOWS\SYSTEM32\WSOCK32.dll
0x00007fffcc0a0000 - 0x00007fffcc0c7000 	C:\WINDOWS\SYSTEM32\WINMM.dll
0x00007fffd7bc0000 - 0x00007fffd7c2b000 	C:\WINDOWS\System32\WS2_32.dll
0x00007fffcca00000 - 0x00007fffcca0a000 	C:\WINDOWS\SYSTEM32\VERSION.dll
0x0000000062910000 - 0x000000006291f000 	C:\Program Files\Java\jdk1.8.0_161\jre\bin\verify.dll
0x00000000628e0000 - 0x0000000062909000 	C:\Program Files\Java\jdk1.8.0_161\jre\bin\java.dll
0x00000000628c0000 - 0x00000000628d6000 	C:\Program Files\Java\jdk1.8.0_161\jre\bin\zip.dll

VM Arguments:
jvm_args: -Dfile.encoding=UTF-8 
java_command: gui.AddNewCourse
java_class_path (initial): C:\Users\PATHUMI\Documents\NetBeansProjects\ums\lib\absolutelayout\AbsoluteLayout.jar;C:\Users\PATHUMI\Documents\NetBeansProjects\ums\build\classes
Launcher Type: SUN_STANDARD

Environment Variables:
PATH=C:\ProgramData\Oracle\Java\javapath;C:\WINDOWS\system32;C:\WINDOWS;C:\WINDOWS\System32\Wbem;C:\WINDOWS\System32\WindowsPowerShell\v1.0\;C:\WINDOWS\System32\OpenSSH\;C:\Program Files\MySQL\MySQL Shell 8.0\bin\;C:\Users\PATHUMI\AppData\Local\Microsoft\WindowsApps;
USERNAME=PATHUMI
OS=Windows_NT
PROCESSOR_IDENTIFIER=Intel64 Family 6 Model 142 Stepping 9, GenuineIntel



---------------  S Y S T E M  ---------------

OS: Windows 10.0 , 64 bit Build 19041 (10.0.19041.1023)

CPU:total 4 (initial active 4) (2 cores per cpu, 2 threads per core) family 6 model 142 stepping 9, cmov, cx8, fxsr, mmx, sse, sse2, sse3, ssse3, sse4.1, sse4.2, popcnt, avx, avx2, aes, clmul, erms, 3dnowpref, lzcnt, ht, tsc, tscinvbit, bmi1, bmi2, adx

Memory: 4k page, physical 4060800k(463564k free), swap 9180796k(5300k free)

vm_info: Java HotSpot(TM) 64-Bit Server VM (25.161-b12) for windows-amd64 JRE (1.8.0_161-b12), built on Dec 19 2017 17:52:25 by "java_re" with MS VC++ 10.0 (VS2010)

time: Mon Jun 14 22:23:25 2021
elapsed time: 0 seconds (0d 0h 0m 0s)

